
> cats@0.1.0 dev
> next dev --webpack

▲ Next.js 16.1.6 (webpack)
- Local:         http://localhost:3000
- Network:       http://192.168.0.2:3000

✓ Starting...
Attention: Next.js now collects completely anonymous telemetry regarding usage.
This information is used to shape Next.js' roadmap and prioritize features.
You can learn more, including how to opt-out if you'd not like to participate in this anonymous program, by visiting the following URL:
https://nextjs.org/telemetry

 ○ (pwa) PWA support is disabled.
✓ Ready in 2.5s
○ Compiling / ...
 GET / 200 in 12.6s (compile: 11.6s, render: 996ms)
 GET / 200 in 417ms (compile: 45ms, render: 373ms)
 GET / 200 in 253ms (compile: 31ms, render: 222ms)
 GET / 200 in 37ms (compile: 7ms, render: 31ms)
 GET / 200 in 232ms (compile: 6ms, render: 226ms)
 GET / 200 in 27ms (compile: 5ms, render: 22ms)
 GET / 200 in 547ms (compile: 115ms, render: 432ms)
 GET / 200 in 191ms (compile: 4ms, render: 187ms)
 GET / 200 in 384ms (compile: 77ms, render: 307ms)
